<?xml version="1.0" encoding="UTF-8"?>
<!-- Generated by org.testng.reporters.JUnitReportReporter -->
<testsuite skipped="0" hostname="sureshsir-PC" name="com.primusbank.tests.PrimusBankBatchTest" tests="1" failures="0" timestamp="15 May 2019 07:03:53 GMT" time="6.075" errors="0">
  <testcase name="batchTest" time="6.075" classname="com.primusbank.tests.PrimusBankBatchTest"/>
</testsuite> <!-- com.primusbank.tests.PrimusBankBatchTest -->
