<?xml version="1.0" encoding="UTF-8"?>
<!-- Generated by org.testng.reporters.JUnitReportReporter -->
<testsuite skipped="0" hostname="sureshsir-PC" name="com.primusbank.tests.BankerLoginTest" tests="1" failures="0" timestamp="03 May 2019 07:58:43 GMT" time="0.813" errors="0">
  <testcase name="bankerlogin" time="0.813" classname="com.primusbank.tests.BankerLoginTest"/>
</testsuite> <!-- com.primusbank.tests.BankerLoginTest -->
