<?xml version="1.0" encoding="UTF-8"?>
<!-- Generated by org.testng.reporters.JUnitReportReporter -->
<testsuite skipped="0" hostname="sureshsir-PC" name="com.primusbank.tests.BankEmployeeLoginDDT" tests="3" failures="0" timestamp="13 May 2019 07:37:34 GMT" time="3.311" errors="0">
  <testcase name="bankerLogin" time="1.399" classname="com.primusbank.tests.BankEmployeeLoginDDT"/>
  <testcase name="bankerLogin" time="0.975" classname="com.primusbank.tests.BankEmployeeLoginDDT"/>
  <testcase name="bankerLogin" time="0.937" classname="com.primusbank.tests.BankEmployeeLoginDDT"/>
</testsuite> <!-- com.primusbank.tests.BankEmployeeLoginDDT -->
