<?xml version="1.0" encoding="UTF-8"?>
<!-- Generated by org.testng.reporters.JUnitReportReporter -->
<testsuite skipped="0" hostname="sureshsir-PC" name="com.primusbank.tests.LoginDDT" tests="3" failures="0" timestamp="13 May 2019 06:50:17 GMT" time="0.031" errors="0">
  <testcase name="loginTest" time="0.000" classname="com.primusbank.tests.LoginDDT"/>
  <testcase name="loginTest" time="0.000" classname="com.primusbank.tests.LoginDDT"/>
  <testcase name="loginTest" time="0.031" classname="com.primusbank.tests.LoginDDT"/>
</testsuite> <!-- com.primusbank.tests.LoginDDT -->
