<?xml version="1.0" encoding="UTF-8"?>
<!-- Generated by org.testng.reporters.JUnitReportReporter -->
<testsuite skipped="0" hostname="sureshsir-PC" name="com.primusbank.tests.BankerLoginDDT" tests="1" failures="0" timestamp="13 May 2019 06:27:31 GMT" time="10.467" errors="0">
  <testcase name="bankerLoginTest" time="10.467" classname="com.primusbank.tests.BankerLoginDDT"/>
</testsuite> <!-- com.primusbank.tests.BankerLoginDDT -->
